[2021-03-04 08:34:14.016] [exthost] [info] extension host started
[2021-03-04 08:34:16.309] [exthost] [info] ExtensionService#_doActivateExtension vscode.debug-auto-launch {"startup":true,"extensionId":{"value":"vscode.debug-auto-launch","_lower":"vscode.debug-auto-launch"},"activationEvent":"*"}
[2021-03-04 08:34:16.309] [exthost] [info] ExtensionService#loadCommonJSModule file:///ide/extensions/debug-auto-launch/dist/extension
[2021-03-04 08:34:16.314] [exthost] [info] ExtensionService#_doActivateExtension vscode.git {"startup":true,"extensionId":{"value":"vscode.github","_lower":"vscode.github"},"activationEvent":"*"}
[2021-03-04 08:34:16.315] [exthost] [info] ExtensionService#loadCommonJSModule file:///ide/extensions/git/dist/main
[2021-03-04 08:34:16.366] [exthost] [info] ExtensionService#_doActivateExtension gitpod.gitpod {"startup":true,"extensionId":{"value":"gitpod.gitpod","_lower":"gitpod.gitpod"},"activationEvent":"*"}
[2021-03-04 08:34:16.366] [exthost] [info] ExtensionService#loadCommonJSModule file:///ide/extensions/gitpod/dist/extension.js
[2021-03-04 08:34:16.445] [exthost] [info] ExtensionService#_doActivateExtension naumovs.color-highlight {"startup":true,"extensionId":{"value":"naumovs.color-highlight","_lower":"naumovs.color-highlight"},"activationEvent":"*"}
[2021-03-04 08:34:16.445] [exthost] [info] ExtensionService#loadCommonJSModule file:///home/gitpod/.gitpod-code/extensions/naumovs.color-highlight-2.3.0/dist/extension
[2021-03-04 08:34:16.463] [exthost] [info] ExtensionService#_doActivateExtension ritwickdey.LiveServer {"startup":true,"extensionId":{"value":"ritwickdey.LiveServer","_lower":"ritwickdey.liveserver"},"activationEvent":"*"}
[2021-03-04 08:34:16.463] [exthost] [info] ExtensionService#loadCommonJSModule file:///home/gitpod/.gitpod-code/extensions/ritwickdey.liveserver-5.6.1/out/src/extension
[2021-03-04 08:34:16.693] [exthost] [info] ExtensionService#_doActivateExtension Shan.code-settings-sync {"startup":true,"extensionId":{"value":"Shan.code-settings-sync","_lower":"shan.code-settings-sync"},"activationEvent":"*"}
[2021-03-04 08:34:16.693] [exthost] [info] ExtensionService#loadCommonJSModule file:///home/gitpod/.gitpod-code/extensions/shan.code-settings-sync-3.4.3/out/extension.js
[2021-03-04 08:34:16.740] [exthost] [info] ExtensionService#_doActivateExtension WallabyJs.quokka-vscode {"startup":true,"extensionId":{"value":"WallabyJs.quokka-vscode","_lower":"wallabyjs.quokka-vscode"},"activationEvent":"*"}
[2021-03-04 08:34:16.740] [exthost] [info] ExtensionService#loadCommonJSModule file:///home/gitpod/.gitpod-code/extensions/wallabyjs.quokka-vscode-1.0.312/index
[2021-03-04 08:34:16.745] [exthost] [error] Activating extension Shan.code-settings-sync failed due to an error:
[2021-03-04 08:34:16.755] [exthost] [error] TypeError: Cannot read property 'split' of undefined
	at e.recurseCandidates (/workspace/Workspace-VSCode-GitPod/.gitpod-config/extensions/shan.code-settings-sync-3.4.3/out/extension.js:32:8515)
	at e.resolveLanguagePack (/workspace/Workspace-VSCode-GitPod/.gitpod-config/extensions/shan.code-settings-sync-3.4.3/out/extension.js:32:8168)
	at new e (/workspace/Workspace-VSCode-GitPod/.gitpod-config/extensions/shan.code-settings-sync-3.4.3/out/extension.js:32:7561)
	at Object.<anonymous> (/workspace/Workspace-VSCode-GitPod/.gitpod-config/extensions/shan.code-settings-sync-3.4.3/out/extension.js:32:8652)
	at n (/workspace/Workspace-VSCode-GitPod/.gitpod-config/extensions/shan.code-settings-sync-3.4.3/out/extension.js:1:124)
	at Object.<anonymous> (/workspace/Workspace-VSCode-GitPod/.gitpod-config/extensions/shan.code-settings-sync-3.4.3/out/extension.js:74:5610)
	at n (/workspace/Workspace-VSCode-GitPod/.gitpod-config/extensions/shan.code-settings-sync-3.4.3/out/extension.js:1:124)
	at Object.<anonymous> (/workspace/Workspace-VSCode-GitPod/.gitpod-config/extensions/shan.code-settings-sync-3.4.3/out/extension.js:290:11798)
	at n (/workspace/Workspace-VSCode-GitPod/.gitpod-config/extensions/shan.code-settings-sync-3.4.3/out/extension.js:1:124)
	at Object.<anonymous> (/workspace/Workspace-VSCode-GitPod/.gitpod-config/extensions/shan.code-settings-sync-3.4.3/out/extension.js:290:9641)
	at n (/workspace/Workspace-VSCode-GitPod/.gitpod-config/extensions/shan.code-settings-sync-3.4.3/out/extension.js:1:124)
	at /workspace/Workspace-VSCode-GitPod/.gitpod-config/extensions/shan.code-settings-sync-3.4.3/out/extension.js:1:923
	at Object.<anonymous> (/workspace/Workspace-VSCode-GitPod/.gitpod-config/extensions/shan.code-settings-sync-3.4.3/out/extension.js:1:934)
	at Module._compile (internal/modules/cjs/loader.js:1137:30)
	at Object.Module._extensions..js (internal/modules/cjs/loader.js:1157:10)
	at Module.load (internal/modules/cjs/loader.js:985:32)
	at Function.Module._load (internal/modules/cjs/loader.js:878:14)
	at Function.Module._load (/ide/out/vs/workbench/services/extensions/node/extensionHostProcess.js:65494:33)
	at Function.load (/ide/out/vs/workbench/services/extensions/node/extensionHostProcess.js:65349:37)
	at Function.load [as _load] (/ide/out/vs/workbench/services/extensions/node/extensionHostProcess.js:62675:37)
	at Module.require (internal/modules/cjs/loader.js:1025:19)
	at require (internal/modules/cjs/helpers.js:72:18)
	at Function.nodeRequire [as __$__nodeRequire] (/ide/out/vs/loader.js:1003:24)
	at ExtHostExtensionService._loadCommonJSModule (/ide/out/vs/workbench/services/extensions/node/extensionHostProcess.js:65405:29)
	at ExtHostExtensionService._doActivateExtension (/ide/out/vs/workbench/services/extensions/node/extensionHostProcess.js:57673:22)
	at ExtHostExtensionService._activateExtension (/ide/out/vs/workbench/services/extensions/node/extensionHostProcess.js:57647:25)
	at Object.actualActivateExtension (/ide/out/vs/workbench/services/extensions/node/extensionHostProcess.js:57515:33)
	at ExtensionsActivator._activateExtension (/ide/out/vs/workbench/services/extensions/node/extensionHostProcess.js:44252:57)
	at /ide/out/vs/workbench/services/extensions/node/extensionHostProcess.js:44237:58
	at Array.map (<anonymous>)
	at ExtensionsActivator._activateExtensions (/ide/out/vs/workbench/services/extensions/node/extensionHostProcess.js:44237:42)
	at ExtensionsActivator._activateExtensions (/ide/out/vs/workbench/services/extensions/node/extensionHostProcess.js:44239:25)
	at ExtensionsActivator.activateByEvent (/ide/out/vs/workbench/services/extensions/node/extensionHostProcess.js:44128:25)
	at ExtHostExtensionService._activateByEvent (/ide/out/vs/workbench/services/extensions/node/extensionHostProcess.js:57563:36)
	at ExtHostExtensionService._handleEagerExtensions (/ide/out/vs/workbench/services/extensions/node/extensionHostProcess.js:57778:41)
	at /ide/out/vs/workbench/services/extensions/node/extensionHostProcess.js:57891:34
[2021-03-04 08:34:17.349] [exthost] [info] ExtensionService#_doActivateExtension vscode.github-authentication {"startup":false,"extensionId":{"value":"gitpod.gitpod","_lower":"gitpod.gitpod"},"activationEvent":"api"}
[2021-03-04 08:34:17.349] [exthost] [info] ExtensionService#loadCommonJSModule file:///ide/extensions/github-authentication/dist/extension.js
[2021-03-04 08:34:17.362] [exthost] [info] ExtensionService#_doActivateExtension vscode.github {"startup":true,"extensionId":{"value":"vscode.github","_lower":"vscode.github"},"activationEvent":"*"}
[2021-03-04 08:34:17.362] [exthost] [info] ExtensionService#loadCommonJSModule file:///ide/extensions/github/dist/extension.js
[2021-03-04 08:34:19.536] [exthost] [warning] [Decorations] CAPPING events from decorations provider vscode.git 2832
[2021-03-04 08:34:20.443] [exthost] [info] ExtensionService#_doActivateExtension vscjava.vscode-maven {"startup":true,"extensionId":{"value":"vscjava.vscode-maven","_lower":"vscjava.vscode-maven"},"activationEvent":"workspaceContains:**/pom.xml"}
[2021-03-04 08:34:20.443] [exthost] [info] ExtensionService#loadCommonJSModule file:///home/gitpod/.gitpod-code/extensions/vscjava.vscode-maven-0.21.2/dist/extension
[2021-03-04 08:34:20.525] [exthost] [info] ExtensionService#_doActivateExtension ms-vscode.js-debug {"startup":false,"extensionId":{"value":"ms-vscode.js-debug","_lower":"ms-vscode.js-debug"},"activationEvent":"onCommand:extension.js-debug.clearAutoAttachVariables"}
[2021-03-04 08:34:20.525] [exthost] [info] ExtensionService#loadCommonJSModule file:///ide/extensions/ms-vscode.js-debug/src/extension.js
[2021-03-04 08:34:24.748] [exthost] [info] ExtensionService#_doActivateExtension vscode.emmet {"startup":false,"extensionId":{"value":"vscode.emmet","_lower":"vscode.emmet"},"activationEvent":"onStartupFinished"}
[2021-03-04 08:34:24.749] [exthost] [info] ExtensionService#loadCommonJSModule file:///ide/extensions/emmet/dist/node/emmetNodeMain
[2021-03-04 08:34:24.762] [exthost] [info] ExtensionService#_doActivateExtension vscode.merge-conflict {"startup":false,"extensionId":{"value":"vscode.merge-conflict","_lower":"vscode.merge-conflict"},"activationEvent":"onStartupFinished"}
[2021-03-04 08:34:24.762] [exthost] [info] ExtensionService#loadCommonJSModule file:///ide/extensions/merge-conflict/dist/mergeConflictMain
[2021-03-04 08:34:24.765] [exthost] [info] ExtensionService#_doActivateExtension vscode.testing-editor-contributions {"startup":false,"extensionId":{"value":"vscode.testing-editor-contributions","_lower":"vscode.testing-editor-contributions"},"activationEvent":"onStartupFinished"}
[2021-03-04 08:34:24.765] [exthost] [info] ExtensionService#loadCommonJSModule file:///ide/extensions/testing-editor-contributions/dist/extension.js
[2021-03-04 08:34:24.767] [exthost] [info] ExtensionService#_doActivateExtension esbenp.prettier-vscode {"startup":false,"extensionId":{"value":"esbenp.prettier-vscode","_lower":"esbenp.prettier-vscode"},"activationEvent":"onStartupFinished"}
[2021-03-04 08:34:24.767] [exthost] [info] ExtensionService#loadCommonJSModule file:///home/gitpod/.gitpod-code/extensions/esbenp.prettier-vscode-5.9.2/dist/extension
[2021-03-04 08:34:24.884] [exthost] [info] eager extensions activated
[2021-03-04 08:34:32.838] [exthost] [warning] [Decorations] CAPPING events from decorations provider vscode.git 2834
[2021-03-04 08:34:40.010] [exthost] [warning] [Decorations] CAPPING events from decorations provider vscode.git 2834
[2021-03-04 08:34:47.066] [exthost] [warning] [Decorations] CAPPING events from decorations provider vscode.git 2834
[2021-03-04 08:34:54.168] [exthost] [warning] [Decorations] CAPPING events from decorations provider vscode.git 2834
[2021-03-04 08:35:02.272] [exthost] [warning] [Decorations] CAPPING events from decorations provider vscode.git 2834
[2021-03-04 08:35:05.498] [exthost] [warning] [Decorations] CAPPING events from decorations provider vscode.git 2834
[2021-03-04 08:35:13.036] [exthost] [warning] [Decorations] CAPPING events from decorations provider vscode.git 2834
[2021-03-04 08:35:20.115] [exthost] [warning] [Decorations] CAPPING events from decorations provider vscode.git 2834
[2021-03-04 08:35:27.502] [exthost] [warning] [Decorations] CAPPING events from decorations provider vscode.git 2834
[2021-03-04 08:35:34.525] [exthost] [warning] [Decorations] CAPPING events from decorations provider vscode.git 2834
[2021-03-04 08:35:41.580] [exthost] [warning] [Decorations] CAPPING events from decorations provider vscode.git 2834
[2021-03-04 08:35:48.865] [exthost] [warning] [Decorations] CAPPING events from decorations provider vscode.git 2834
[2021-03-04 08:35:55.959] [exthost] [warning] [Decorations] CAPPING events from decorations provider vscode.git 2834
[2021-03-04 08:35:59.857] [exthost] [warning] [Decorations] CAPPING events from decorations provider vscode.git 2834
[2021-03-04 09:04:48.585] [exthost] [info] ExtensionService#_doActivateExtension vscode-icons-team.vscode-icons {"startup":false,"extensionId":{"value":"vscode-icons-team.vscode-icons","_lower":"vscode-icons-team.vscode-icons"},"activationEvent":"*"}
[2021-03-04 09:04:48.585] [exthost] [info] ExtensionService#loadCommonJSModule file:///home/gitpod/.gitpod-code/extensions/vscode-icons-team.vscode-icons-11.1.0/dist/src/vscode-icons.bundle.js
[2021-03-04 09:05:17.168] [exthost] [warning] [Decorations] CAPPING events from decorations provider vscode.git 1098
[2021-03-04 09:05:22.285] [exthost] [warning] [Decorations] CAPPING events from decorations provider vscode.git 1098
[2021-03-04 09:05:27.420] [exthost] [warning] [Decorations] CAPPING events from decorations provider vscode.git 1098
[2021-03-04 09:05:32.798] [exthost] [warning] [Decorations] CAPPING events from decorations provider vscode.git 1098
[2021-03-04 09:05:33.166] [exthost] [warning] [Decorations] CAPPING events from decorations provider vscode.git 1098
[2021-03-04 09:05:38.298] [exthost] [warning] [Decorations] CAPPING events from decorations provider vscode.git 1098
[2021-03-04 09:05:43.420] [exthost] [warning] [Decorations] CAPPING events from decorations provider vscode.git 1098
[2021-03-04 09:05:48.555] [exthost] [warning] [Decorations] CAPPING events from decorations provider vscode.git 1098
[2021-03-04 09:05:53.681] [exthost] [warning] [Decorations] CAPPING events from decorations provider vscode.git 1098
[2021-03-04 09:05:58.807] [exthost] [warning] [Decorations] CAPPING events from decorations provider vscode.git 1098
[2021-03-04 09:06:03.927] [exthost] [warning] [Decorations] CAPPING events from decorations provider vscode.git 1098
[2021-03-04 09:06:09.062] [exthost] [warning] [Decorations] CAPPING events from decorations provider vscode.git 1098
[2021-03-04 09:06:10.278] [exthost] [warning] [Decorations] CAPPING events from decorations provider vscode.git 1098
[2021-03-04 09:53:54.827] [exthost] [info] ExtensionService#_doActivateExtension vscode.configuration-editing {"startup":false,"extensionId":{"value":"vscode.configuration-editing","_lower":"vscode.configuration-editing"},"activationEvent":"onLanguage:jsonc"}
[2021-03-04 09:53:54.827] [exthost] [info] ExtensionService#loadCommonJSModule file:///ide/extensions/configuration-editing/dist/configurationEditingMain
[2021-03-04 09:53:54.843] [exthost] [info] ExtensionService#_doActivateExtension vscode.json-language-features {"startup":false,"extensionId":{"value":"vscode.json-language-features","_lower":"vscode.json-language-features"},"activationEvent":"onLanguage:jsonc"}
[2021-03-04 09:53:54.843] [exthost] [info] ExtensionService#loadCommonJSModule file:///ide/extensions/json-language-features/client/dist/node/jsonClientMain
[2021-03-04 09:53:54.902] [exthost] [info] ExtensionService#_doActivateExtension vscode.typescript-language-features {"startup":false,"extensionId":{"value":"vscode.typescript-language-features","_lower":"vscode.typescript-language-features"},"activationEvent":"onLanguage:jsonc"}
[2021-03-04 09:53:54.902] [exthost] [info] ExtensionService#loadCommonJSModule file:///ide/extensions/typescript-language-features/dist/extension
